<?xml version="1.0" encoding="UTF-8"?>
<!-- Generated by org.testng.reporters.JUnitReportReporter -->
<testsuite hostname="LAPTOP-T9AMV25E" failures="0" tests="9" name="com.parabank.testcases.TC_RegisterCustomerTest" time="64.270" errors="0" timestamp="2024-12-05T07:49:44 IST" skipped="0">
  <testcase classname="com.parabank.testcases.TC_RegisterCustomerTest" name="verifyAppLaunch" time="8.239"/>
  <system-out/>
  <testcase classname="com.parabank.testcases.TC_RegisterCustomerTest" name="verifyRegistration" time="9.046"/>
  <system-out/>
  <testcase classname="com.parabank.testcases.TC_RegisterCustomerTest" name="verifyLogOut" time="2.155"/>
  <system-out/>
  <testcase classname="com.parabank.testcases.TC_RegisterCustomerTest" name="verifyLogin" time="3.785"/>
  <system-out/>
  <testcase classname="com.parabank.testcases.TC_RegisterCustomerTest" name="verifyInitialAccountDetails" time="2.821"/>
  <system-out/>
  <testcase classname="com.parabank.testcases.TC_RegisterCustomerTest" name="verifyOpenNewAccount" time="11.974"/>
  <system-out/>
  <testcase classname="com.parabank.testcases.TC_RegisterCustomerTest" name="verifyFundsTransfer" time="8.294"/>
  <system-out/>
  <testcase classname="com.parabank.testcases.TC_RegisterCustomerTest" name="verifyBillPayment" time="10.704"/>
  <system-out/>
  <testcase classname="com.parabank.testcases.TC_RegisterCustomerTest" name="verifyTransactionDetailsByAmountAPI" time="7.252"/>
  <system-out/>
</testsuite> <!-- com.parabank.testcases.TC_RegisterCustomerTest -->
