<?xml version="1.0" encoding="UTF-8"?>
<!-- Generated by org.testng.reporters.JUnitReportReporter -->
<testsuite hostname="LAPTOP-T9AMV25E" failures="0" tests="9" name="com.parabank.testcases.TC_RegisterCustomerTest" time="67.602" errors="0" timestamp="2024-12-05T07:34:40 IST" skipped="0">
  <testcase classname="com.parabank.testcases.TC_RegisterCustomerTest" name="verifyAppLaunch" time="9.249"/>
  <system-out/>
  <testcase classname="com.parabank.testcases.TC_RegisterCustomerTest" name="verifyRegistration" time="8.325"/>
  <system-out/>
  <testcase classname="com.parabank.testcases.TC_RegisterCustomerTest" name="verifyLogOut" time="1.792"/>
  <system-out/>
  <testcase classname="com.parabank.testcases.TC_RegisterCustomerTest" name="verifyLogin" time="4.856"/>
  <system-out/>
  <testcase classname="com.parabank.testcases.TC_RegisterCustomerTest" name="verifyInitialAccountDetails" time="3.036"/>
  <system-out/>
  <testcase classname="com.parabank.testcases.TC_RegisterCustomerTest" name="verifyOpenNewAccount" time="11.488"/>
  <system-out/>
  <testcase classname="com.parabank.testcases.TC_RegisterCustomerTest" name="verifyFundsTransfer" time="7.410"/>
  <system-out/>
  <testcase classname="com.parabank.testcases.TC_RegisterCustomerTest" name="verifyBillPayment" time="9.859"/>
  <system-out/>
  <testcase classname="com.parabank.testcases.TC_RegisterCustomerTest" name="verifyTransactionDetailsByAmountAPI" time="11.587"/>
  <system-out/>
</testsuite> <!-- com.parabank.testcases.TC_RegisterCustomerTest -->
